<?xml version="1.0" encoding="UTF-8"?>
<!-- Generated by org.testng.reporters.JUnitXMLReporter -->
<testsuite ignored="0" hostname="Annas-MacBook-Pro.local" failures="0" tests="2" name="Default test" time="18.343" errors="0" timestamp="28 May 2018 17:52:43 GMT">
  <testcase classname="com.vincent.NobodyKnowsWhichTests" name="loginInvalidPassword" time="6.696"/>
  <testcase classname="com.vincent.NobodyKnowsWhichTests" name="loginValidCredentials" time="5.421"/>
</testsuite> <!-- Default test -->
