<?xml version="1.0" encoding="UTF-8"?>
<!-- Generated by org.testng.reporters.JUnitXMLReporter -->
<testsuite ignored="0" hostname="Vincents-MacBook.local" failures="0" tests="4" name="Default test" time="27.927" errors="0" timestamp="01 Juni 2018 12:07:00 GMT">
  <testcase classname="com.vincent.AccountCreationTests" name="registerAccount" time="12.95"/>
  <testcase classname="com.vincent.LoginTests" name="loginInvalidEmail" time="4.257"/>
  <testcase classname="com.vincent.LoginTests" name="loginInvalidPassword" time="3.063"/>
  <testcase classname="com.vincent.LoginTests" name="loginValidCredentials" time="3.906"/>
</testsuite> <!-- Default test -->
